Determining if the pthread_create exist failed with the following output:
Change Dir: /home/donghoonpark/moveit/build_isolated/moveit_commander/CMakeFiles/CMakeTmp

Run Build Command:"/usr/bin/make" "cmTC_6521a/fast"
/usr/bin/make -f CMakeFiles/cmTC_6521a.dir/build.make CMakeFiles/cmTC_6521a.dir/build
make[1]: Entering directory '/home/donghoonpark/moveit/build_isolated/moveit_commander/CMakeFiles/CMakeTmp'
Building C object CMakeFiles/cmTC_6521a.dir/CheckSymbolExists.c.o
/usr/bin/cc     -o CMakeFiles/cmTC_6521a.dir/CheckSymbolExists.c.o   -c /home/donghoonpark/moveit/build_isolated/moveit_commander/CMakeFiles/CMakeTmp/CheckSymbolExists.c
Linking C executable cmTC_6521a
/usr/bin/cmake -E cmake_link_script CMakeFiles/cmTC_6521a.dir/link.txt --verbose=1
/usr/bin/cc       CMakeFiles/cmTC_6521a.dir/CheckSymbolExists.c.o  -o cmTC_6521a -rdynamic 
CMakeFiles/cmTC_6521a.dir/CheckSymbolExists.c.o: In function `main':
CheckSymbolExists.c:(.text+0x16): undefined reference to `pthread_create'
collect2: error: ld returned 1 exit status
CMakeFiles/cmTC_6521a.dir/build.make:97: recipe for target 'cmTC_6521a' failed
make[1]: *** [cmTC_6521a] Error 1
make[1]: Leaving directory '/home/donghoonpark/moveit/build_isolated/moveit_commander/CMakeFiles/CMakeTmp'
Makefile:126: recipe for target 'cmTC_6521a/fast' failed
make: *** [cmTC_6521a/fast] Error 2

File /home/donghoonpark/moveit/build_isolated/moveit_commander/CMakeFiles/CMakeTmp/CheckSymbolExists.c:
/* */
#include <pthread.h>

int main(int argc, char** argv)
{
  (void)argv;
#ifndef pthread_create
  return ((int*)(&pthread_create))[argc];
#else
  (void)argc;
  return 0;
#endif
}

Determining if the function pthread_create exists in the pthreads failed with the following output:
Change Dir: /home/donghoonpark/moveit/build_isolated/moveit_commander/CMakeFiles/CMakeTmp

Run Build Command:"/usr/bin/make" "cmTC_c178c/fast"
/usr/bin/make -f CMakeFiles/cmTC_c178c.dir/build.make CMakeFiles/cmTC_c178c.dir/build
make[1]: Entering directory '/home/donghoonpark/moveit/build_isolated/moveit_commander/CMakeFiles/CMakeTmp'
Building C object CMakeFiles/cmTC_c178c.dir/CheckFunctionExists.c.o
/usr/bin/cc    -DCHECK_FUNCTION_EXISTS=pthread_create   -o CMakeFiles/cmTC_c178c.dir/CheckFunctionExists.c.o   -c /usr/share/cmake-3.5/Modules/CheckFunctionExists.c
Linking C executable cmTC_c178c
/usr/bin/cmake -E cmake_link_script CMakeFiles/cmTC_c178c.dir/link.txt --verbose=1
/usr/bin/cc   -DCHECK_FUNCTION_EXISTS=pthread_create    CMakeFiles/cmTC_c178c.dir/CheckFunctionExists.c.o  -o cmTC_c178c -rdynamic -lpthreads 
/usr/bin/ld: cannot find -lpthreads
collect2: error: ld returned 1 exit status
CMakeFiles/cmTC_c178c.dir/build.make:97: recipe for target 'cmTC_c178c' failed
make[1]: *** [cmTC_c178c] Error 1
make[1]: Leaving directory '/home/donghoonpark/moveit/build_isolated/moveit_commander/CMakeFiles/CMakeTmp'
Makefile:126: recipe for target 'cmTC_c178c/fast' failed
make: *** [cmTC_c178c/fast] Error 2


