Determining if the pthread_create exist failed with the following output:
Change Dir: /home/donghoonpark/moveit/build_isolated/moveit_core/CMakeFiles/CMakeTmp

Run Build Command:"/usr/bin/make" "cmTC_7d878/fast"
/usr/bin/make -f CMakeFiles/cmTC_7d878.dir/build.make CMakeFiles/cmTC_7d878.dir/build
make[1]: Entering directory '/home/donghoonpark/moveit/build_isolated/moveit_core/CMakeFiles/CMakeTmp'
Building C object CMakeFiles/cmTC_7d878.dir/CheckSymbolExists.c.o
/usr/bin/cc     -o CMakeFiles/cmTC_7d878.dir/CheckSymbolExists.c.o   -c /home/donghoonpark/moveit/build_isolated/moveit_core/CMakeFiles/CMakeTmp/CheckSymbolExists.c
Linking C executable cmTC_7d878
/usr/bin/cmake -E cmake_link_script CMakeFiles/cmTC_7d878.dir/link.txt --verbose=1
/usr/bin/cc       CMakeFiles/cmTC_7d878.dir/CheckSymbolExists.c.o  -o cmTC_7d878 -rdynamic 
CMakeFiles/cmTC_7d878.dir/CheckSymbolExists.c.o: In function `main':
CheckSymbolExists.c:(.text+0x16): undefined reference to `pthread_create'
collect2: error: ld returned 1 exit status
CMakeFiles/cmTC_7d878.dir/build.make:97: recipe for target 'cmTC_7d878' failed
make[1]: *** [cmTC_7d878] Error 1
make[1]: Leaving directory '/home/donghoonpark/moveit/build_isolated/moveit_core/CMakeFiles/CMakeTmp'
Makefile:126: recipe for target 'cmTC_7d878/fast' failed
make: *** [cmTC_7d878/fast] Error 2

File /home/donghoonpark/moveit/build_isolated/moveit_core/CMakeFiles/CMakeTmp/CheckSymbolExists.c:
/* */
#include <pthread.h>

int main(int argc, char** argv)
{
  (void)argv;
#ifndef pthread_create
  return ((int*)(&pthread_create))[argc];
#else
  (void)argc;
  return 0;
#endif
}

Determining if the function pthread_create exists in the pthreads failed with the following output:
Change Dir: /home/donghoonpark/moveit/build_isolated/moveit_core/CMakeFiles/CMakeTmp

Run Build Command:"/usr/bin/make" "cmTC_3d4eb/fast"
/usr/bin/make -f CMakeFiles/cmTC_3d4eb.dir/build.make CMakeFiles/cmTC_3d4eb.dir/build
make[1]: Entering directory '/home/donghoonpark/moveit/build_isolated/moveit_core/CMakeFiles/CMakeTmp'
Building C object CMakeFiles/cmTC_3d4eb.dir/CheckFunctionExists.c.o
/usr/bin/cc    -DCHECK_FUNCTION_EXISTS=pthread_create   -o CMakeFiles/cmTC_3d4eb.dir/CheckFunctionExists.c.o   -c /usr/share/cmake-3.5/Modules/CheckFunctionExists.c
Linking C executable cmTC_3d4eb
/usr/bin/cmake -E cmake_link_script CMakeFiles/cmTC_3d4eb.dir/link.txt --verbose=1
/usr/bin/cc   -DCHECK_FUNCTION_EXISTS=pthread_create    CMakeFiles/cmTC_3d4eb.dir/CheckFunctionExists.c.o  -o cmTC_3d4eb -rdynamic -lpthreads 
/usr/bin/ld: cannot find -lpthreads
collect2: error: ld returned 1 exit status
CMakeFiles/cmTC_3d4eb.dir/build.make:97: recipe for target 'cmTC_3d4eb' failed
make[1]: *** [cmTC_3d4eb] Error 1
make[1]: Leaving directory '/home/donghoonpark/moveit/build_isolated/moveit_core/CMakeFiles/CMakeTmp'
Makefile:126: recipe for target 'cmTC_3d4eb/fast' failed
make: *** [cmTC_3d4eb/fast] Error 2


