Determining if the pthread_create exist failed with the following output:
Change Dir: /home/donghoonpark/moveit/build_isolated/moveit_fake_controller_manager/CMakeFiles/CMakeTmp

Run Build Command:"/usr/bin/make" "cmTC_2191b/fast"
/usr/bin/make -f CMakeFiles/cmTC_2191b.dir/build.make CMakeFiles/cmTC_2191b.dir/build
make[1]: Entering directory '/home/donghoonpark/moveit/build_isolated/moveit_fake_controller_manager/CMakeFiles/CMakeTmp'
Building C object CMakeFiles/cmTC_2191b.dir/CheckSymbolExists.c.o
/usr/bin/cc     -o CMakeFiles/cmTC_2191b.dir/CheckSymbolExists.c.o   -c /home/donghoonpark/moveit/build_isolated/moveit_fake_controller_manager/CMakeFiles/CMakeTmp/CheckSymbolExists.c
Linking C executable cmTC_2191b
/usr/bin/cmake -E cmake_link_script CMakeFiles/cmTC_2191b.dir/link.txt --verbose=1
/usr/bin/cc       CMakeFiles/cmTC_2191b.dir/CheckSymbolExists.c.o  -o cmTC_2191b -rdynamic 
CMakeFiles/cmTC_2191b.dir/CheckSymbolExists.c.o: In function `main':
CheckSymbolExists.c:(.text+0x16): undefined reference to `pthread_create'
collect2: error: ld returned 1 exit status
CMakeFiles/cmTC_2191b.dir/build.make:97: recipe for target 'cmTC_2191b' failed
make[1]: *** [cmTC_2191b] Error 1
make[1]: Leaving directory '/home/donghoonpark/moveit/build_isolated/moveit_fake_controller_manager/CMakeFiles/CMakeTmp'
Makefile:126: recipe for target 'cmTC_2191b/fast' failed
make: *** [cmTC_2191b/fast] Error 2

File /home/donghoonpark/moveit/build_isolated/moveit_fake_controller_manager/CMakeFiles/CMakeTmp/CheckSymbolExists.c:
/* */
#include <pthread.h>

int main(int argc, char** argv)
{
  (void)argv;
#ifndef pthread_create
  return ((int*)(&pthread_create))[argc];
#else
  (void)argc;
  return 0;
#endif
}

Determining if the function pthread_create exists in the pthreads failed with the following output:
Change Dir: /home/donghoonpark/moveit/build_isolated/moveit_fake_controller_manager/CMakeFiles/CMakeTmp

Run Build Command:"/usr/bin/make" "cmTC_58a86/fast"
/usr/bin/make -f CMakeFiles/cmTC_58a86.dir/build.make CMakeFiles/cmTC_58a86.dir/build
make[1]: Entering directory '/home/donghoonpark/moveit/build_isolated/moveit_fake_controller_manager/CMakeFiles/CMakeTmp'
Building C object CMakeFiles/cmTC_58a86.dir/CheckFunctionExists.c.o
/usr/bin/cc    -DCHECK_FUNCTION_EXISTS=pthread_create   -o CMakeFiles/cmTC_58a86.dir/CheckFunctionExists.c.o   -c /usr/share/cmake-3.5/Modules/CheckFunctionExists.c
Linking C executable cmTC_58a86
/usr/bin/cmake -E cmake_link_script CMakeFiles/cmTC_58a86.dir/link.txt --verbose=1
/usr/bin/cc   -DCHECK_FUNCTION_EXISTS=pthread_create    CMakeFiles/cmTC_58a86.dir/CheckFunctionExists.c.o  -o cmTC_58a86 -rdynamic -lpthreads 
/usr/bin/ld: cannot find -lpthreads
collect2: error: ld returned 1 exit status
CMakeFiles/cmTC_58a86.dir/build.make:97: recipe for target 'cmTC_58a86' failed
make[1]: *** [cmTC_58a86] Error 1
make[1]: Leaving directory '/home/donghoonpark/moveit/build_isolated/moveit_fake_controller_manager/CMakeFiles/CMakeTmp'
Makefile:126: recipe for target 'cmTC_58a86/fast' failed
make: *** [cmTC_58a86/fast] Error 2


